[2023-09-28T00:50:03.358+0300] {manager.py:487} INFO - Processing files using up to 1 processes at a time 
[2023-09-28T00:50:03.358+0300] {manager.py:488} INFO - Process each file at most once every 30 seconds
[2023-09-28T00:50:03.358+0300] {manager.py:489} INFO - Checking for new files in /home/dsbulgako1/my_repos/mlops_project/airflow/dags every 300 seconds
[2023-09-28T00:50:03.358+0300] {manager.py:759} INFO - Searching for files in /home/dsbulgako1/my_repos/mlops_project/airflow/dags
[2023-09-28T00:50:03.365+0300] {manager.py:762} INFO - There are 46 files in /home/dsbulgako1/my_repos/mlops_project/airflow/dags
[2023-09-28T00:50:03.509+0300] {manager.py:893} INFO - 
================================================================================
DAG File Processing Stats

File Path                                                                                                                                                 PID    Runtime      # DAGs    # Errors  Last Runtime    Last Run
--------------------------------------------------------------------------------------------------------------------------------------------------------  -----  ---------  --------  ----------  --------------  -------------------
/home/dsbulgako1/my_repos/mlops_project/env/lib/python3.10/site-packages/airflow/example_dags/example_setup_teardown_taskflow.py                                                   0           0
/home/dsbulgako1/my_repos/mlops_project/env/lib/python3.10/site-packages/airflow/example_dags/example_sensors.py                                                                   0           0
/home/dsbulgako1/my_repos/mlops_project/env/lib/python3.10/site-packages/airflow/example_dags/example_branch_datetime_operator.py                                                  0           0
/home/dsbulgako1/my_repos/mlops_project/env/lib/python3.10/site-packages/airflow/example_dags/example_dag_decorator.py                                                             0           0
/home/dsbulgako1/my_repos/mlops_project/env/lib/python3.10/site-packages/airflow/example_dags/example_params_trigger_ui.py                                                         0           0
/home/dsbulgako1/my_repos/mlops_project/env/lib/python3.10/site-packages/airflow/example_dags/example_local_kubernetes_executor.py                                                 0           0
/home/dsbulgako1/my_repos/mlops_project/env/lib/python3.10/site-packages/airflow/example_dags/example_bash_operator.py                                                             0           0
/home/dsbulgako1/my_repos/mlops_project/env/lib/python3.10/site-packages/airflow/example_dags/example_params_ui_tutorial.py                                                        0           0
/home/dsbulgako1/my_repos/mlops_project/env/lib/python3.10/site-packages/airflow/example_dags/example_branch_operator.py                                                           0           0
/home/dsbulgako1/my_repos/mlops_project/env/lib/python3.10/site-packages/airflow/example_dags/example_datasets.py                                                                  0           0
/home/dsbulgako1/my_repos/mlops_project/env/lib/python3.10/site-packages/airflow/example_dags/example_sensor_decorator.py                                                          0           0
/home/dsbulgako1/my_repos/mlops_project/env/lib/python3.10/site-packages/airflow/example_dags/example_kubernetes_executor.py                                                       0           0
/home/dsbulgako1/my_repos/mlops_project/env/lib/python3.10/site-packages/airflow/example_dags/example_subdag_operator.py                                                           0           0
/home/dsbulgako1/my_repos/mlops_project/env/lib/python3.10/site-packages/airflow/example_dags/tutorial_taskflow_api_virtualenv.py                                                  0           0
/home/dsbulgako1/my_repos/mlops_project/env/lib/python3.10/site-packages/airflow/example_dags/example_trigger_controller_dag.py                                                    0           0
/home/dsbulgako1/my_repos/mlops_project/env/lib/python3.10/site-packages/airflow/example_dags/example_nested_branch_dag.py                                                         0           0
/home/dsbulgako1/my_repos/mlops_project/env/lib/python3.10/site-packages/airflow/example_dags/example_sla_dag.py                                                                   0           0
/home/dsbulgako1/my_repos/mlops_project/env/lib/python3.10/site-packages/airflow/example_dags/example_xcom.py                                                                      0           0
/home/dsbulgako1/my_repos/mlops_project/env/lib/python3.10/site-packages/airflow/example_dags/tutorial_dag.py                                                                      0           0
/home/dsbulgako1/my_repos/mlops_project/env/lib/python3.10/site-packages/airflow/example_dags/example_complex.py                                                                   0           0
/home/dsbulgako1/my_repos/mlops_project/env/lib/python3.10/site-packages/airflow/example_dags/example_external_task_marker_dag.py                                                  0           0
/home/dsbulgako1/my_repos/mlops_project/env/lib/python3.10/site-packages/airflow/example_dags/example_short_circuit_operator.py                                                    0           0
/home/dsbulgako1/my_repos/mlops_project/env/lib/python3.10/site-packages/airflow/example_dags/example_branch_labels.py                                                             0           0
/home/dsbulgako1/my_repos/mlops_project/env/lib/python3.10/site-packages/airflow/example_dags/example_dynamic_task_mapping_with_no_taskflow_operators.py                           0           0
/home/dsbulgako1/my_repos/mlops_project/env/lib/python3.10/site-packages/airflow/example_dags/example_python_operator.py                                                           0           0
/home/dsbulgako1/my_repos/mlops_project/env/lib/python3.10/site-packages/airflow/example_dags/example_task_group_decorator.py                                                      0           0
/home/dsbulgako1/my_repos/mlops_project/env/lib/python3.10/site-packages/airflow/example_dags/example_xcomargs.py                                                                  0           0
/home/dsbulgako1/my_repos/mlops_project/env/lib/python3.10/site-packages/airflow/example_dags/example_trigger_target_dag.py                                                        0           0
/home/dsbulgako1/my_repos/mlops_project/env/lib/python3.10/site-packages/airflow/example_dags/example_skip_dag.py                                                                  0           0
/home/dsbulgako1/my_repos/mlops_project/env/lib/python3.10/site-packages/airflow/example_dags/example_task_group.py                                                                0           0
/home/dsbulgako1/my_repos/mlops_project/env/lib/python3.10/site-packages/airflow/example_dags/example_dynamic_task_mapping.py                                                      0           0
/home/dsbulgako1/my_repos/mlops_project/env/lib/python3.10/site-packages/airflow/example_dags/tutorial.py                                                                          0           0
/home/dsbulgako1/my_repos/mlops_project/env/lib/python3.10/site-packages/airflow/example_dags/example_branch_operator_decorator.py                                                 0           0
/home/dsbulgako1/my_repos/mlops_project/env/lib/python3.10/site-packages/airflow/example_dags/example_latest_only.py                                                               0           0
/home/dsbulgako1/my_repos/mlops_project/env/lib/python3.10/site-packages/airflow/example_dags/example_passing_params_via_test_command.py                                           0           0
/home/dsbulgako1/my_repos/mlops_project/env/lib/python3.10/site-packages/airflow/example_dags/example_branch_python_dop_operator_3.py                                              0           0
/home/dsbulgako1/my_repos/mlops_project/env/lib/python3.10/site-packages/airflow/example_dags/example_short_circuit_decorator.py                                                   0           0
/home/dsbulgako1/my_repos/mlops_project/env/lib/python3.10/site-packages/airflow/example_dags/tutorial_taskflow_api.py                                                             0           0
/home/dsbulgako1/my_repos/mlops_project/env/lib/python3.10/site-packages/airflow/example_dags/example_time_delta_sensor_async.py                                                   0           0
/home/dsbulgako1/my_repos/mlops_project/env/lib/python3.10/site-packages/airflow/example_dags/example_setup_teardown.py                                                            0           0
/home/dsbulgako1/my_repos/mlops_project/env/lib/python3.10/site-packages/airflow/example_dags/example_latest_only_with_trigger.py                                                  0           0
/home/dsbulgako1/my_repos/mlops_project/env/lib/python3.10/site-packages/airflow/example_dags/example_branch_day_of_week_operator.py                                               0           0
/home/dsbulgako1/my_repos/mlops_project/env/lib/python3.10/site-packages/airflow/example_dags/subdags/subdag.py                                                                    0           0  0.10s           2023-09-27T21:50:03
/home/dsbulgako1/my_repos/mlops_project/env/lib/python3.10/site-packages/airflow/example_dags/plugins/listener_plugin.py                                                           0           0
/home/dsbulgako1/my_repos/mlops_project/env/lib/python3.10/site-packages/airflow/example_dags/plugins/workday.py                                                                   0           0
/home/dsbulgako1/my_repos/mlops_project/env/lib/python3.10/site-packages/airflow/example_dags/plugins/event_listener.py                                                            0           0
================================================================================
[2023-09-28T00:50:33.759+0300] {manager.py:893} INFO - 
================================================================================
DAG File Processing Stats

File Path                                                                                                                                                 PID    Runtime      # DAGs    # Errors  Last Runtime    Last Run
--------------------------------------------------------------------------------------------------------------------------------------------------------  -----  ---------  --------  ----------  --------------  -------------------
/home/dsbulgako1/my_repos/mlops_project/env/lib/python3.10/site-packages/airflow/example_dags/example_branch_datetime_operator.py                                                  0           0
/home/dsbulgako1/my_repos/mlops_project/env/lib/python3.10/site-packages/airflow/example_dags/example_local_kubernetes_executor.py                                                 0           0  0.10s           2023-09-27T21:50:08
/home/dsbulgako1/my_repos/mlops_project/env/lib/python3.10/site-packages/airflow/example_dags/example_bash_operator.py                                                             0           0
/home/dsbulgako1/my_repos/mlops_project/env/lib/python3.10/site-packages/airflow/example_dags/example_branch_operator.py                                                           0           0
/home/dsbulgako1/my_repos/mlops_project/env/lib/python3.10/site-packages/airflow/example_dags/example_kubernetes_executor.py                                                       0           0  0.11s           2023-09-27T21:50:13
/home/dsbulgako1/my_repos/mlops_project/env/lib/python3.10/site-packages/airflow/example_dags/tutorial_taskflow_api_virtualenv.py                                                  0           0  0.10s           2023-09-27T21:50:14
/home/dsbulgako1/my_repos/mlops_project/env/lib/python3.10/site-packages/airflow/example_dags/example_branch_labels.py                                                             0           0
/home/dsbulgako1/my_repos/mlops_project/env/lib/python3.10/site-packages/airflow/example_dags/example_branch_operator_decorator.py                                                 0           0
/home/dsbulgako1/my_repos/mlops_project/env/lib/python3.10/site-packages/airflow/example_dags/example_passing_params_via_test_command.py                                           0           0
/home/dsbulgako1/my_repos/mlops_project/env/lib/python3.10/site-packages/airflow/example_dags/example_branch_python_dop_operator_3.py                                              0           0
/home/dsbulgako1/my_repos/mlops_project/env/lib/python3.10/site-packages/airflow/example_dags/example_short_circuit_decorator.py                                                   0           0
/home/dsbulgako1/my_repos/mlops_project/env/lib/python3.10/site-packages/airflow/example_dags/tutorial_taskflow_api.py                                                             0           0
/home/dsbulgako1/my_repos/mlops_project/env/lib/python3.10/site-packages/airflow/example_dags/example_time_delta_sensor_async.py                                                   0           0
/home/dsbulgako1/my_repos/mlops_project/env/lib/python3.10/site-packages/airflow/example_dags/example_setup_teardown.py                                                            0           0
/home/dsbulgako1/my_repos/mlops_project/env/lib/python3.10/site-packages/airflow/example_dags/example_latest_only_with_trigger.py                                                  0           0
/home/dsbulgako1/my_repos/mlops_project/env/lib/python3.10/site-packages/airflow/example_dags/example_branch_day_of_week_operator.py                                               0           0
/home/dsbulgako1/my_repos/mlops_project/env/lib/python3.10/site-packages/airflow/example_dags/subdags/subdag.py                                                                    0           0  0.10s           2023-09-27T21:50:03
/home/dsbulgako1/my_repos/mlops_project/env/lib/python3.10/site-packages/airflow/example_dags/plugins/listener_plugin.py                                                           0           0
/home/dsbulgako1/my_repos/mlops_project/env/lib/python3.10/site-packages/airflow/example_dags/plugins/workday.py                                                                   0           0
/home/dsbulgako1/my_repos/mlops_project/env/lib/python3.10/site-packages/airflow/example_dags/plugins/event_listener.py                                                            0           0
/home/dsbulgako1/my_repos/mlops_project/env/lib/python3.10/site-packages/airflow/example_dags/example_setup_teardown_taskflow.py                                                   1           0  0.20s           2023-09-27T21:50:04
/home/dsbulgako1/my_repos/mlops_project/env/lib/python3.10/site-packages/airflow/example_dags/example_sensors.py                                                                   1           0  0.10s           2023-09-27T21:50:05
/home/dsbulgako1/my_repos/mlops_project/env/lib/python3.10/site-packages/airflow/example_dags/example_dag_decorator.py                                                             1           0  0.10s           2023-09-27T21:50:07
/home/dsbulgako1/my_repos/mlops_project/env/lib/python3.10/site-packages/airflow/example_dags/example_params_trigger_ui.py                                                         1           0  0.10s           2023-09-27T21:50:08
/home/dsbulgako1/my_repos/mlops_project/env/lib/python3.10/site-packages/airflow/example_dags/example_params_ui_tutorial.py                                                        1           0  0.21s           2023-09-27T21:50:09
/home/dsbulgako1/my_repos/mlops_project/env/lib/python3.10/site-packages/airflow/example_dags/example_sensor_decorator.py                                                          1           0  0.21s           2023-09-27T21:50:12
/home/dsbulgako1/my_repos/mlops_project/env/lib/python3.10/site-packages/airflow/example_dags/example_trigger_controller_dag.py                                                    1           0  0.10s           2023-09-27T21:50:16
/home/dsbulgako1/my_repos/mlops_project/env/lib/python3.10/site-packages/airflow/example_dags/example_nested_branch_dag.py                                                         1           0  0.20s           2023-09-27T21:50:17
/home/dsbulgako1/my_repos/mlops_project/env/lib/python3.10/site-packages/airflow/example_dags/example_sla_dag.py                                                                   1           0  0.21s           2023-09-27T21:50:18
/home/dsbulgako1/my_repos/mlops_project/env/lib/python3.10/site-packages/airflow/example_dags/example_xcom.py                                                                      1           0  0.21s           2023-09-27T21:50:18
/home/dsbulgako1/my_repos/mlops_project/env/lib/python3.10/site-packages/airflow/example_dags/tutorial_dag.py                                                                      1           0  0.11s           2023-09-27T21:50:20
/home/dsbulgako1/my_repos/mlops_project/env/lib/python3.10/site-packages/airflow/example_dags/example_complex.py                                                                   1           0  0.21s           2023-09-27T21:50:21
/home/dsbulgako1/my_repos/mlops_project/env/lib/python3.10/site-packages/airflow/example_dags/example_short_circuit_operator.py                                                    1           0  0.21s           2023-09-27T21:50:23
/home/dsbulgako1/my_repos/mlops_project/env/lib/python3.10/site-packages/airflow/example_dags/example_dynamic_task_mapping_with_no_taskflow_operators.py                           1           0  0.11s           2023-09-27T21:50:24
/home/dsbulgako1/my_repos/mlops_project/env/lib/python3.10/site-packages/airflow/example_dags/example_python_operator.py                                                           1           0  0.12s           2023-09-27T21:50:25
/home/dsbulgako1/my_repos/mlops_project/env/lib/python3.10/site-packages/airflow/example_dags/example_task_group_decorator.py                                                      1           0  0.22s           2023-09-27T21:50:26
/home/dsbulgako1/my_repos/mlops_project/env/lib/python3.10/site-packages/airflow/example_dags/example_trigger_target_dag.py                                                        1           0  0.10s           2023-09-27T21:50:28
/home/dsbulgako1/my_repos/mlops_project/env/lib/python3.10/site-packages/airflow/example_dags/example_skip_dag.py                                                                  1           0  0.21s           2023-09-27T21:50:29
/home/dsbulgako1/my_repos/mlops_project/env/lib/python3.10/site-packages/airflow/example_dags/example_task_group.py                                                                1           0  0.21s           2023-09-27T21:50:30
/home/dsbulgako1/my_repos/mlops_project/env/lib/python3.10/site-packages/airflow/example_dags/example_dynamic_task_mapping.py                                                      1           0  0.21s           2023-09-27T21:50:31
/home/dsbulgako1/my_repos/mlops_project/env/lib/python3.10/site-packages/airflow/example_dags/tutorial.py                                                                          1           0  0.11s           2023-09-27T21:50:33
/home/dsbulgako1/my_repos/mlops_project/env/lib/python3.10/site-packages/airflow/example_dags/example_latest_only.py                                                               1           0  0.21s           2023-09-27T21:50:33
/home/dsbulgako1/my_repos/mlops_project/env/lib/python3.10/site-packages/airflow/example_dags/example_external_task_marker_dag.py                                                  2           0  0.21s           2023-09-27T21:50:22
/home/dsbulgako1/my_repos/mlops_project/env/lib/python3.10/site-packages/airflow/example_dags/example_xcomargs.py                                                                  2           0  0.21s           2023-09-27T21:50:27
/home/dsbulgako1/my_repos/mlops_project/env/lib/python3.10/site-packages/airflow/example_dags/example_subdag_operator.py                                                           3           0  0.20s           2023-09-27T21:50:13
/home/dsbulgako1/my_repos/mlops_project/env/lib/python3.10/site-packages/airflow/example_dags/example_datasets.py                                                                  6           0  0.20s           2023-09-27T21:50:10
================================================================================
[2023-09-28T00:51:00.137+0300] {manager.py:469} INFO - Exiting gracefully upon receiving signal 15
[2023-09-28T01:04:15.302+0300] {manager.py:487} INFO - Processing files using up to 2 processes at a time 
[2023-09-28T01:04:15.303+0300] {manager.py:488} INFO - Process each file at most once every 30 seconds
[2023-09-28T01:04:15.303+0300] {manager.py:489} INFO - Checking for new files in /home/dsbulgako1/my_repos/mlops_project/airflow/dags every 300 seconds
[2023-09-28T01:04:15.303+0300] {manager.py:759} INFO - Searching for files in /home/dsbulgako1/my_repos/mlops_project/airflow/dags
[2023-09-28T01:04:15.304+0300] {manager.py:762} INFO - There are 1 files in /home/dsbulgako1/my_repos/mlops_project/airflow/dags
[2023-09-28T01:04:15.358+0300] {manager.py:893} INFO - 
================================================================================
DAG File Processing Stats

File Path                                                           PID  Runtime      # DAGs    # Errors  Last Runtime    Last Run
----------------------------------------------------------------  -----  ---------  --------  ----------  --------------  ----------
/home/dsbulgako1/my_repos/mlops_project/airflow/dags/test_dag.py  10795  0.02s             0           0
================================================================================
[2023-09-28T01:04:45.503+0300] {manager.py:893} INFO - 
================================================================================
DAG File Processing Stats

File Path                                                           PID  Runtime      # DAGs    # Errors  Last Runtime    Last Run
----------------------------------------------------------------  -----  ---------  --------  ----------  --------------  -------------------
/home/dsbulgako1/my_repos/mlops_project/airflow/dags/test_dag.py  10857  0.00s             1           0  0.07s           2023-09-27T22:04:15
================================================================================
[2023-09-28T01:05:15.613+0300] {manager.py:893} INFO - 
================================================================================
DAG File Processing Stats

File Path                                                           PID  Runtime      # DAGs    # Errors  Last Runtime    Last Run
----------------------------------------------------------------  -----  ---------  --------  ----------  --------------  -------------------
/home/dsbulgako1/my_repos/mlops_project/airflow/dags/test_dag.py  10884  0.00s             1           0  0.07s           2023-09-27T22:04:45
================================================================================
[2023-09-28T01:05:45.761+0300] {manager.py:893} INFO - 
================================================================================
DAG File Processing Stats

File Path                                                           PID  Runtime      # DAGs    # Errors  Last Runtime    Last Run
----------------------------------------------------------------  -----  ---------  --------  ----------  --------------  -------------------
/home/dsbulgako1/my_repos/mlops_project/airflow/dags/test_dag.py  10903  0.01s             1           0  0.08s           2023-09-27T22:05:15
================================================================================
[2023-09-28T01:06:15.899+0300] {manager.py:893} INFO - 
================================================================================
DAG File Processing Stats

File Path                                                           PID  Runtime      # DAGs    # Errors  Last Runtime    Last Run
----------------------------------------------------------------  -----  ---------  --------  ----------  --------------  -------------------
/home/dsbulgako1/my_repos/mlops_project/airflow/dags/test_dag.py  10931  0.00s             1           0  0.10s           2023-09-27T22:05:45
================================================================================
[2023-09-28T01:06:46.067+0300] {manager.py:893} INFO - 
================================================================================
DAG File Processing Stats

File Path                                                           PID  Runtime      # DAGs    # Errors  Last Runtime    Last Run
----------------------------------------------------------------  -----  ---------  --------  ----------  --------------  -------------------
/home/dsbulgako1/my_repos/mlops_project/airflow/dags/test_dag.py  10941  0.00s             1           0  0.06s           2023-09-27T22:06:15
================================================================================
[2023-09-28T01:07:16.259+0300] {manager.py:893} INFO - 
================================================================================
DAG File Processing Stats

File Path                                                           PID  Runtime      # DAGs    # Errors  Last Runtime    Last Run
----------------------------------------------------------------  -----  ---------  --------  ----------  --------------  -------------------
/home/dsbulgako1/my_repos/mlops_project/airflow/dags/test_dag.py  10958  0.00s             1           0  0.08s           2023-09-27T22:06:46
================================================================================
[2023-09-28T01:07:46.579+0300] {manager.py:893} INFO - 
================================================================================
DAG File Processing Stats

File Path                                                           PID  Runtime      # DAGs    # Errors  Last Runtime    Last Run
----------------------------------------------------------------  -----  ---------  --------  ----------  --------------  -------------------
/home/dsbulgako1/my_repos/mlops_project/airflow/dags/test_dag.py  10967  0.01s             1           0  0.08s           2023-09-27T22:07:16
================================================================================
[2023-09-28T01:08:16.890+0300] {manager.py:893} INFO - 
================================================================================
DAG File Processing Stats

File Path                                                           PID  Runtime      # DAGs    # Errors  Last Runtime    Last Run
----------------------------------------------------------------  -----  ---------  --------  ----------  --------------  -------------------
/home/dsbulgako1/my_repos/mlops_project/airflow/dags/test_dag.py  10974  0.01s             1           0  0.09s           2023-09-27T22:07:46
================================================================================
[2023-09-28T01:08:47.147+0300] {manager.py:893} INFO - 
================================================================================
DAG File Processing Stats

File Path                                                           PID  Runtime      # DAGs    # Errors  Last Runtime    Last Run
----------------------------------------------------------------  -----  ---------  --------  ----------  --------------  -------------------
/home/dsbulgako1/my_repos/mlops_project/airflow/dags/test_dag.py  10991  0.00s             1           0  0.10s           2023-09-27T22:08:16
================================================================================
[2023-09-28T01:09:16.262+0300] {manager.py:759} INFO - Searching for files in /home/dsbulgako1/my_repos/mlops_project/airflow/dags
[2023-09-28T01:09:16.263+0300] {manager.py:762} INFO - There are 1 files in /home/dsbulgako1/my_repos/mlops_project/airflow/dags
[2023-09-28T01:09:17.273+0300] {manager.py:893} INFO - 
================================================================================
DAG File Processing Stats

File Path                                                           PID  Runtime      # DAGs    # Errors  Last Runtime    Last Run
----------------------------------------------------------------  -----  ---------  --------  ----------  --------------  -------------------
/home/dsbulgako1/my_repos/mlops_project/airflow/dags/test_dag.py  11001  0.00s             1           0  0.08s           2023-09-27T22:08:47
================================================================================
[2023-09-28T01:09:47.394+0300] {manager.py:893} INFO - 
================================================================================
DAG File Processing Stats

File Path                                                           PID  Runtime      # DAGs    # Errors  Last Runtime    Last Run
----------------------------------------------------------------  -----  ---------  --------  ----------  --------------  -------------------
/home/dsbulgako1/my_repos/mlops_project/airflow/dags/test_dag.py  11012  0.00s             1           0  0.07s           2023-09-27T22:09:17
================================================================================
[2023-09-28T01:10:17.506+0300] {manager.py:893} INFO - 
================================================================================
DAG File Processing Stats

File Path                                                           PID  Runtime      # DAGs    # Errors  Last Runtime    Last Run
----------------------------------------------------------------  -----  ---------  --------  ----------  --------------  -------------------
/home/dsbulgako1/my_repos/mlops_project/airflow/dags/test_dag.py  11080  0.00s             1           0  0.08s           2023-09-27T22:09:47
================================================================================
[2023-09-28T01:10:47.652+0300] {manager.py:893} INFO - 
================================================================================
DAG File Processing Stats

File Path                                                           PID  Runtime      # DAGs    # Errors  Last Runtime    Last Run
----------------------------------------------------------------  -----  ---------  --------  ----------  --------------  -------------------
/home/dsbulgako1/my_repos/mlops_project/airflow/dags/test_dag.py  11087  0.00s             1           0  0.07s           2023-09-27T22:10:17
================================================================================
[2023-09-28T01:11:17.749+0300] {manager.py:893} INFO - 
================================================================================
DAG File Processing Stats

File Path                                                           PID  Runtime      # DAGs    # Errors  Last Runtime    Last Run
----------------------------------------------------------------  -----  ---------  --------  ----------  --------------  -------------------
/home/dsbulgako1/my_repos/mlops_project/airflow/dags/test_dag.py  11094  0.00s             1           0  0.09s           2023-09-27T22:10:47
================================================================================
[2023-09-28T01:11:47.909+0300] {manager.py:893} INFO - 
================================================================================
DAG File Processing Stats

File Path                                                           PID  Runtime      # DAGs    # Errors  Last Runtime    Last Run
----------------------------------------------------------------  -----  ---------  --------  ----------  --------------  -------------------
/home/dsbulgako1/my_repos/mlops_project/airflow/dags/test_dag.py  11101  0.00s             1           0  0.08s           2023-09-27T22:11:17
================================================================================
[2023-09-28T01:12:18.010+0300] {manager.py:893} INFO - 
================================================================================
DAG File Processing Stats

File Path                                                           PID  Runtime      # DAGs    # Errors  Last Runtime    Last Run
----------------------------------------------------------------  -----  ---------  --------  ----------  --------------  -------------------
/home/dsbulgako1/my_repos/mlops_project/airflow/dags/test_dag.py  11109  0.00s             1           0  0.08s           2023-09-27T22:11:47
================================================================================
[2023-09-28T01:12:48.148+0300] {manager.py:893} INFO - 
================================================================================
DAG File Processing Stats

File Path                                                           PID  Runtime      # DAGs    # Errors  Last Runtime    Last Run
----------------------------------------------------------------  -----  ---------  --------  ----------  --------------  -------------------
/home/dsbulgako1/my_repos/mlops_project/airflow/dags/test_dag.py  11119  0.00s             1           0  0.07s           2023-09-27T22:12:18
================================================================================
[2023-09-28T01:13:18.334+0300] {manager.py:893} INFO - 
================================================================================
DAG File Processing Stats

File Path                                                           PID  Runtime      # DAGs    # Errors  Last Runtime    Last Run
----------------------------------------------------------------  -----  ---------  --------  ----------  --------------  -------------------
/home/dsbulgako1/my_repos/mlops_project/airflow/dags/test_dag.py  11131  0.01s             1           0  0.07s           2023-09-27T22:12:48
================================================================================
[2023-09-28T01:13:48.563+0300] {manager.py:893} INFO - 
================================================================================
DAG File Processing Stats

File Path                                                           PID  Runtime      # DAGs    # Errors  Last Runtime    Last Run
----------------------------------------------------------------  -----  ---------  --------  ----------  --------------  -------------------
/home/dsbulgako1/my_repos/mlops_project/airflow/dags/test_dag.py  11141  0.00s             1           0  0.10s           2023-09-27T22:13:18
================================================================================
[2023-09-28T01:14:16.775+0300] {manager.py:759} INFO - Searching for files in /home/dsbulgako1/my_repos/mlops_project/airflow/dags
[2023-09-28T01:14:16.778+0300] {manager.py:762} INFO - There are 1 files in /home/dsbulgako1/my_repos/mlops_project/airflow/dags
[2023-09-28T01:14:18.823+0300] {manager.py:893} INFO - 
================================================================================
DAG File Processing Stats

File Path                                                           PID  Runtime      # DAGs    # Errors  Last Runtime    Last Run
----------------------------------------------------------------  -----  ---------  --------  ----------  --------------  -------------------
/home/dsbulgako1/my_repos/mlops_project/airflow/dags/test_dag.py  11153  0.00s             1           0  0.09s           2023-09-27T22:13:48
================================================================================
[2023-09-28T01:14:48.965+0300] {manager.py:893} INFO - 
================================================================================
DAG File Processing Stats

File Path                                                           PID  Runtime      # DAGs    # Errors  Last Runtime    Last Run
----------------------------------------------------------------  -----  ---------  --------  ----------  --------------  -------------------
/home/dsbulgako1/my_repos/mlops_project/airflow/dags/test_dag.py  11348  0.00s             1           0  0.09s           2023-09-27T22:14:18
================================================================================
[2023-09-28T01:15:19.176+0300] {manager.py:893} INFO - 
================================================================================
DAG File Processing Stats

File Path                                                           PID  Runtime      # DAGs    # Errors  Last Runtime    Last Run
----------------------------------------------------------------  -----  ---------  --------  ----------  --------------  -------------------
/home/dsbulgako1/my_repos/mlops_project/airflow/dags/test_dag.py  11362  0.01s             1           0  0.07s           2023-09-27T22:14:49
================================================================================
[2023-09-28T01:15:49.461+0300] {manager.py:893} INFO - 
================================================================================
DAG File Processing Stats

File Path                                                           PID  Runtime      # DAGs    # Errors  Last Runtime    Last Run
----------------------------------------------------------------  -----  ---------  --------  ----------  --------------  -------------------
/home/dsbulgako1/my_repos/mlops_project/airflow/dags/test_dag.py  11370  0.01s             1           0  0.10s           2023-09-27T22:15:19
================================================================================
[2023-09-28T01:16:19.719+0300] {manager.py:893} INFO - 
================================================================================
DAG File Processing Stats

File Path                                                           PID  Runtime      # DAGs    # Errors  Last Runtime    Last Run
----------------------------------------------------------------  -----  ---------  --------  ----------  --------------  -------------------
/home/dsbulgako1/my_repos/mlops_project/airflow/dags/test_dag.py  11427  0.00s             1           0  0.08s           2023-09-27T22:15:49
================================================================================
[2023-09-28T01:16:49.979+0300] {manager.py:893} INFO - 
================================================================================
DAG File Processing Stats

File Path                                                           PID  Runtime      # DAGs    # Errors  Last Runtime    Last Run
----------------------------------------------------------------  -----  ---------  --------  ----------  --------------  -------------------
/home/dsbulgako1/my_repos/mlops_project/airflow/dags/test_dag.py  11439  0.00s             1           0  0.08s           2023-09-27T22:16:19
================================================================================
[2023-09-28T01:17:20.174+0300] {manager.py:893} INFO - 
================================================================================
DAG File Processing Stats

File Path                                                           PID  Runtime      # DAGs    # Errors  Last Runtime    Last Run
----------------------------------------------------------------  -----  ---------  --------  ----------  --------------  -------------------
/home/dsbulgako1/my_repos/mlops_project/airflow/dags/test_dag.py  11532  0.00s             1           0  0.09s           2023-09-27T22:16:50
================================================================================
[2023-09-28T01:17:42.973+0300] {manager.py:469} INFO - Exiting gracefully upon receiving signal 15
[2023-09-28T01:40:45.092+0300] {manager.py:487} INFO - Processing files using up to 2 processes at a time 
[2023-09-28T01:40:45.093+0300] {manager.py:488} INFO - Process each file at most once every 30 seconds
[2023-09-28T01:40:45.093+0300] {manager.py:489} INFO - Checking for new files in /home/dsbulgako1/my_repos/mlops_project/airflow/dags every 300 seconds
[2023-09-28T01:40:45.093+0300] {manager.py:759} INFO - Searching for files in /home/dsbulgako1/my_repos/mlops_project/airflow/dags
[2023-09-28T01:40:45.095+0300] {manager.py:762} INFO - There are 1 files in /home/dsbulgako1/my_repos/mlops_project/airflow/dags
[2023-09-28T01:40:45.179+0300] {manager.py:893} INFO - 
================================================================================
DAG File Processing Stats

File Path                                                                 PID  Runtime      # DAGs    # Errors  Last Runtime    Last Run
----------------------------------------------------------------------  -----  ---------  --------  ----------  --------------  ----------
/home/dsbulgako1/my_repos/mlops_project/airflow/dags/test_dag_mlops.py  12910  0.02s             0           0
================================================================================
[2023-09-28T01:41:15.306+0300] {manager.py:893} INFO - 
================================================================================
DAG File Processing Stats

File Path                                                                 PID  Runtime      # DAGs    # Errors  Last Runtime    Last Run
----------------------------------------------------------------------  -----  ---------  --------  ----------  --------------  -------------------
/home/dsbulgako1/my_repos/mlops_project/airflow/dags/test_dag_mlops.py  13005  0.00s             0           1  0.04s           2023-09-27T22:40:45
================================================================================
[2023-09-28T01:41:45.448+0300] {manager.py:893} INFO - 
================================================================================
DAG File Processing Stats

File Path                                                                 PID  Runtime      # DAGs    # Errors  Last Runtime    Last Run
----------------------------------------------------------------------  -----  ---------  --------  ----------  --------------  -------------------
/home/dsbulgako1/my_repos/mlops_project/airflow/dags/test_dag_mlops.py  13015  0.00s             0           1  0.04s           2023-09-27T22:41:15
================================================================================
[2023-09-28T01:42:15.649+0300] {manager.py:893} INFO - 
================================================================================
DAG File Processing Stats

File Path                                                                 PID  Runtime      # DAGs    # Errors  Last Runtime    Last Run
----------------------------------------------------------------------  -----  ---------  --------  ----------  --------------  -------------------
/home/dsbulgako1/my_repos/mlops_project/airflow/dags/test_dag_mlops.py  13027  0.01s             0           1  0.04s           2023-09-27T22:41:45
================================================================================
[2023-09-28T01:42:45.983+0300] {manager.py:893} INFO - 
================================================================================
DAG File Processing Stats

File Path                                                                 PID  Runtime      # DAGs    # Errors  Last Runtime    Last Run
----------------------------------------------------------------------  -----  ---------  --------  ----------  --------------  -------------------
/home/dsbulgako1/my_repos/mlops_project/airflow/dags/test_dag_mlops.py  13034  0.02s             0           1  0.06s           2023-09-27T22:42:15
================================================================================
[2023-09-28T01:43:16.260+0300] {manager.py:893} INFO - 
================================================================================
DAG File Processing Stats

File Path                                                                 PID  Runtime      # DAGs    # Errors  Last Runtime    Last Run
----------------------------------------------------------------------  -----  ---------  --------  ----------  --------------  -------------------
/home/dsbulgako1/my_repos/mlops_project/airflow/dags/test_dag_mlops.py  13041  0.01s             0           1  0.08s           2023-09-27T22:42:46
================================================================================
[2023-09-28T01:43:46.558+0300] {manager.py:893} INFO - 
================================================================================
DAG File Processing Stats

File Path                                                                 PID  Runtime      # DAGs    # Errors  Last Runtime    Last Run
----------------------------------------------------------------------  -----  ---------  --------  ----------  --------------  -------------------
/home/dsbulgako1/my_repos/mlops_project/airflow/dags/test_dag_mlops.py  13052  0.01s             0           1  0.06s           2023-09-27T22:43:16
================================================================================
[2023-09-28T01:44:16.732+0300] {manager.py:893} INFO - 
================================================================================
DAG File Processing Stats

File Path                                                                 PID  Runtime      # DAGs    # Errors  Last Runtime    Last Run
----------------------------------------------------------------------  -----  ---------  --------  ----------  --------------  -------------------
/home/dsbulgako1/my_repos/mlops_project/airflow/dags/test_dag_mlops.py  13069  0.00s             0           1  0.06s           2023-09-27T22:43:46
================================================================================
[2023-09-28T01:44:46.924+0300] {manager.py:893} INFO - 
================================================================================
DAG File Processing Stats

File Path                                                                 PID  Runtime      # DAGs    # Errors  Last Runtime    Last Run
----------------------------------------------------------------------  -----  ---------  --------  ----------  --------------  -------------------
/home/dsbulgako1/my_repos/mlops_project/airflow/dags/test_dag_mlops.py  13081  0.01s             0           1  0.04s           2023-09-27T22:44:16
================================================================================
[2023-09-28T01:45:17.135+0300] {manager.py:893} INFO - 
================================================================================
DAG File Processing Stats

File Path                                                               PID    Runtime      # DAGs    # Errors  Last Runtime    Last Run
----------------------------------------------------------------------  -----  ---------  --------  ----------  --------------  -------------------
/home/dsbulgako1/my_repos/mlops_project/airflow/dags/test_dag_mlops.py                           0           1  0.04s           2023-09-27T22:45:01
================================================================================
[2023-09-28T01:45:45.286+0300] {manager.py:759} INFO - Searching for files in /home/dsbulgako1/my_repos/mlops_project/airflow/dags
[2023-09-28T01:45:45.287+0300] {manager.py:762} INFO - There are 1 files in /home/dsbulgako1/my_repos/mlops_project/airflow/dags
[2023-09-28T01:45:47.310+0300] {manager.py:893} INFO - 
================================================================================
DAG File Processing Stats

File Path                                                               PID    Runtime      # DAGs    # Errors  Last Runtime    Last Run
----------------------------------------------------------------------  -----  ---------  --------  ----------  --------------  -------------------
/home/dsbulgako1/my_repos/mlops_project/airflow/dags/test_dag_mlops.py                           0           1  0.05s           2023-09-27T22:45:31
================================================================================
[2023-09-28T01:46:17.518+0300] {manager.py:893} INFO - 
================================================================================
DAG File Processing Stats

File Path                                                               PID    Runtime      # DAGs    # Errors  Last Runtime    Last Run
----------------------------------------------------------------------  -----  ---------  --------  ----------  --------------  -------------------
/home/dsbulgako1/my_repos/mlops_project/airflow/dags/test_dag_mlops.py                           0           1  0.04s           2023-09-27T22:46:07
================================================================================
[2023-09-28T01:46:47.715+0300] {manager.py:893} INFO - 
================================================================================
DAG File Processing Stats

File Path                                                               PID    Runtime      # DAGs    # Errors  Last Runtime    Last Run
----------------------------------------------------------------------  -----  ---------  --------  ----------  --------------  -------------------
/home/dsbulgako1/my_repos/mlops_project/airflow/dags/test_dag_mlops.py                           0           1  0.03s           2023-09-27T22:46:37
================================================================================
[2023-09-28T01:47:17.886+0300] {manager.py:893} INFO - 
================================================================================
DAG File Processing Stats

File Path                                                               PID    Runtime      # DAGs    # Errors  Last Runtime    Last Run
----------------------------------------------------------------------  -----  ---------  --------  ----------  --------------  -------------------
/home/dsbulgako1/my_repos/mlops_project/airflow/dags/test_dag_mlops.py                           0           1  0.05s           2023-09-27T22:47:07
================================================================================
[2023-09-28T01:47:48.080+0300] {manager.py:893} INFO - 
================================================================================
DAG File Processing Stats

File Path                                                               PID    Runtime      # DAGs    # Errors  Last Runtime    Last Run
----------------------------------------------------------------------  -----  ---------  --------  ----------  --------------  -------------------
/home/dsbulgako1/my_repos/mlops_project/airflow/dags/test_dag_mlops.py                           1           0  0.07s           2023-09-27T22:47:24
================================================================================
[2023-09-28T01:48:18.191+0300] {manager.py:893} INFO - 
================================================================================
DAG File Processing Stats

File Path                                                               PID    Runtime      # DAGs    # Errors  Last Runtime    Last Run
----------------------------------------------------------------------  -----  ---------  --------  ----------  --------------  -------------------
/home/dsbulgako1/my_repos/mlops_project/airflow/dags/test_dag_mlops.py                           1           0  0.06s           2023-09-27T22:47:54
================================================================================
[2023-09-28T01:48:48.378+0300] {manager.py:893} INFO - 
================================================================================
DAG File Processing Stats

File Path                                                               PID    Runtime      # DAGs    # Errors  Last Runtime    Last Run
----------------------------------------------------------------------  -----  ---------  --------  ----------  --------------  -------------------
/home/dsbulgako1/my_repos/mlops_project/airflow/dags/test_dag_mlops.py                           1           0  0.07s           2023-09-27T22:48:24
================================================================================
[2023-09-28T01:49:18.572+0300] {manager.py:893} INFO - 
================================================================================
DAG File Processing Stats

File Path                                                               PID    Runtime      # DAGs    # Errors  Last Runtime    Last Run
----------------------------------------------------------------------  -----  ---------  --------  ----------  --------------  -------------------
/home/dsbulgako1/my_repos/mlops_project/airflow/dags/test_dag_mlops.py                           1           0  0.07s           2023-09-27T22:48:54
================================================================================
[2023-09-28T01:49:48.687+0300] {manager.py:893} INFO - 
================================================================================
DAG File Processing Stats

File Path                                                               PID    Runtime      # DAGs    # Errors  Last Runtime    Last Run
----------------------------------------------------------------------  -----  ---------  --------  ----------  --------------  -------------------
/home/dsbulgako1/my_repos/mlops_project/airflow/dags/test_dag_mlops.py                           1           0  0.07s           2023-09-27T22:49:24
================================================================================
[2023-09-28T01:50:18.823+0300] {manager.py:893} INFO - 
================================================================================
DAG File Processing Stats

File Path                                                               PID    Runtime      # DAGs    # Errors  Last Runtime    Last Run
----------------------------------------------------------------------  -----  ---------  --------  ----------  --------------  -------------------
/home/dsbulgako1/my_repos/mlops_project/airflow/dags/test_dag_mlops.py                           1           0  0.11s           2023-09-27T22:49:54
================================================================================
[2023-09-28T01:50:45.997+0300] {manager.py:759} INFO - Searching for files in /home/dsbulgako1/my_repos/mlops_project/airflow/dags
[2023-09-28T01:50:45.999+0300] {manager.py:762} INFO - There are 1 files in /home/dsbulgako1/my_repos/mlops_project/airflow/dags
[2023-09-28T01:50:49.017+0300] {manager.py:893} INFO - 
================================================================================
DAG File Processing Stats

File Path                                                               PID    Runtime      # DAGs    # Errors  Last Runtime    Last Run
----------------------------------------------------------------------  -----  ---------  --------  ----------  --------------  -------------------
/home/dsbulgako1/my_repos/mlops_project/airflow/dags/test_dag_mlops.py                           1           0  0.09s           2023-09-27T22:50:24
================================================================================
[2023-09-28T01:51:19.156+0300] {manager.py:893} INFO - 
================================================================================
DAG File Processing Stats

File Path                                                                 PID  Runtime      # DAGs    # Errors  Last Runtime    Last Run
----------------------------------------------------------------------  -----  ---------  --------  ----------  --------------  -------------------
/home/dsbulgako1/my_repos/mlops_project/airflow/dags/test_dag_mlops.py  13631  0.00s             1           0  0.10s           2023-09-27T22:50:49
================================================================================
[2023-09-28T01:51:28.803+0300] {manager.py:469} INFO - Exiting gracefully upon receiving signal 15
