[2023-09-28T00:50:08.393+0300] {processor.py:157} INFO - Started process (PID=10240) to work on /home/dsbulgako1/my_repos/mlops_project/env/lib/python3.10/site-packages/airflow/example_dags/example_local_kubernetes_executor.py
[2023-09-28T00:50:08.393+0300] {processor.py:829} INFO - Processing file /home/dsbulgako1/my_repos/mlops_project/env/lib/python3.10/site-packages/airflow/example_dags/example_local_kubernetes_executor.py for tasks to queue
[2023-09-28T00:50:08.394+0300] {logging_mixin.py:151} INFO - [2023-09-28T00:50:08.394+0300] {dagbag.py:539} INFO - Filling up the DagBag from /home/dsbulgako1/my_repos/mlops_project/env/lib/python3.10/site-packages/airflow/example_dags/example_local_kubernetes_executor.py
[2023-09-28T00:50:08.397+0300] {logging_mixin.py:151} INFO - [2023-09-28T00:50:08.396+0300] {example_local_kubernetes_executor.py:39} WARNING - Could not import DAGs in example_local_kubernetes_executor.py
Traceback (most recent call last):
  File "/home/dsbulgako1/my_repos/mlops_project/env/lib/python3.10/site-packages/airflow/example_dags/example_local_kubernetes_executor.py", line 37, in <module>
    from kubernetes.client import models as k8s
ModuleNotFoundError: No module named 'kubernetes'
[2023-09-28T00:50:08.397+0300] {logging_mixin.py:151} INFO - [2023-09-28T00:50:08.397+0300] {example_local_kubernetes_executor.py:40} WARNING - Install Kubernetes dependencies with: pip install apache-airflow[cncf.kubernetes]
[2023-09-28T00:50:08.397+0300] {processor.py:841} WARNING - No viable dags retrieved from /home/dsbulgako1/my_repos/mlops_project/env/lib/python3.10/site-packages/airflow/example_dags/example_local_kubernetes_executor.py
[2023-09-28T00:50:08.404+0300] {processor.py:179} INFO - Processing /home/dsbulgako1/my_repos/mlops_project/env/lib/python3.10/site-packages/airflow/example_dags/example_local_kubernetes_executor.py took 0.014 seconds
[2023-09-28T00:50:55.455+0300] {processor.py:157} INFO - Started process (PID=10311) to work on /home/dsbulgako1/my_repos/mlops_project/env/lib/python3.10/site-packages/airflow/example_dags/example_local_kubernetes_executor.py
[2023-09-28T00:50:55.456+0300] {processor.py:829} INFO - Processing file /home/dsbulgako1/my_repos/mlops_project/env/lib/python3.10/site-packages/airflow/example_dags/example_local_kubernetes_executor.py for tasks to queue
[2023-09-28T00:50:55.457+0300] {logging_mixin.py:151} INFO - [2023-09-28T00:50:55.456+0300] {dagbag.py:539} INFO - Filling up the DagBag from /home/dsbulgako1/my_repos/mlops_project/env/lib/python3.10/site-packages/airflow/example_dags/example_local_kubernetes_executor.py
[2023-09-28T00:50:55.461+0300] {logging_mixin.py:151} INFO - [2023-09-28T00:50:55.460+0300] {example_local_kubernetes_executor.py:39} WARNING - Could not import DAGs in example_local_kubernetes_executor.py
Traceback (most recent call last):
  File "/home/dsbulgako1/my_repos/mlops_project/env/lib/python3.10/site-packages/airflow/example_dags/example_local_kubernetes_executor.py", line 37, in <module>
    from kubernetes.client import models as k8s
ModuleNotFoundError: No module named 'kubernetes'
[2023-09-28T00:50:55.461+0300] {logging_mixin.py:151} INFO - [2023-09-28T00:50:55.461+0300] {example_local_kubernetes_executor.py:40} WARNING - Install Kubernetes dependencies with: pip install apache-airflow[cncf.kubernetes]
[2023-09-28T00:50:55.461+0300] {processor.py:841} WARNING - No viable dags retrieved from /home/dsbulgako1/my_repos/mlops_project/env/lib/python3.10/site-packages/airflow/example_dags/example_local_kubernetes_executor.py
[2023-09-28T00:50:55.469+0300] {processor.py:179} INFO - Processing /home/dsbulgako1/my_repos/mlops_project/env/lib/python3.10/site-packages/airflow/example_dags/example_local_kubernetes_executor.py took 0.018 seconds
