[2023-09-28T00:50:06.924+0300] {processor.py:157} INFO - Started process (PID=10238) to work on /home/dsbulgako1/my_repos/mlops_project/env/lib/python3.10/site-packages/airflow/example_dags/example_dag_decorator.py
[2023-09-28T00:50:06.925+0300] {processor.py:829} INFO - Processing file /home/dsbulgako1/my_repos/mlops_project/env/lib/python3.10/site-packages/airflow/example_dags/example_dag_decorator.py for tasks to queue
[2023-09-28T00:50:06.926+0300] {logging_mixin.py:151} INFO - [2023-09-28T00:50:06.925+0300] {dagbag.py:539} INFO - Filling up the DagBag from /home/dsbulgako1/my_repos/mlops_project/env/lib/python3.10/site-packages/airflow/example_dags/example_dag_decorator.py
[2023-09-28T00:50:06.936+0300] {processor.py:839} INFO - DAG(s) dict_keys(['example_dag_decorator']) retrieved from /home/dsbulgako1/my_repos/mlops_project/env/lib/python3.10/site-packages/airflow/example_dags/example_dag_decorator.py
[2023-09-28T00:50:06.990+0300] {logging_mixin.py:151} INFO - [2023-09-28T00:50:06.990+0300] {manager.py:499} INFO - Created Permission View: %s
[2023-09-28T00:50:06.994+0300] {logging_mixin.py:151} INFO - [2023-09-28T00:50:06.994+0300] {manager.py:499} INFO - Created Permission View: %s
[2023-09-28T00:50:06.997+0300] {logging_mixin.py:151} INFO - [2023-09-28T00:50:06.997+0300] {manager.py:499} INFO - Created Permission View: %s
[2023-09-28T00:50:06.997+0300] {logging_mixin.py:151} INFO - [2023-09-28T00:50:06.997+0300] {security.py:708} INFO - Not syncing DAG-level permissions for DAG 'DAG:example_dag_decorator' as access control is unset.
[2023-09-28T00:50:06.997+0300] {logging_mixin.py:151} INFO - [2023-09-28T00:50:06.997+0300] {dag.py:2915} INFO - Sync 1 DAGs
[2023-09-28T00:50:07.002+0300] {logging_mixin.py:151} INFO - [2023-09-28T00:50:07.002+0300] {dag.py:2937} INFO - Creating ORM DAG for example_dag_decorator
[2023-09-28T00:50:07.002+0300] {logging_mixin.py:151} INFO - [2023-09-28T00:50:07.002+0300] {dag.py:3696} INFO - Setting next_dagrun for example_dag_decorator to None, run_after=None
[2023-09-28T00:50:07.010+0300] {processor.py:179} INFO - Processing /home/dsbulgako1/my_repos/mlops_project/env/lib/python3.10/site-packages/airflow/example_dags/example_dag_decorator.py took 0.089 seconds
[2023-09-28T00:50:53.947+0300] {processor.py:157} INFO - Started process (PID=10309) to work on /home/dsbulgako1/my_repos/mlops_project/env/lib/python3.10/site-packages/airflow/example_dags/example_dag_decorator.py
[2023-09-28T00:50:53.948+0300] {processor.py:829} INFO - Processing file /home/dsbulgako1/my_repos/mlops_project/env/lib/python3.10/site-packages/airflow/example_dags/example_dag_decorator.py for tasks to queue
[2023-09-28T00:50:53.949+0300] {logging_mixin.py:151} INFO - [2023-09-28T00:50:53.948+0300] {dagbag.py:539} INFO - Filling up the DagBag from /home/dsbulgako1/my_repos/mlops_project/env/lib/python3.10/site-packages/airflow/example_dags/example_dag_decorator.py
[2023-09-28T00:50:53.958+0300] {processor.py:839} INFO - DAG(s) dict_keys(['example_dag_decorator']) retrieved from /home/dsbulgako1/my_repos/mlops_project/env/lib/python3.10/site-packages/airflow/example_dags/example_dag_decorator.py
[2023-09-28T00:50:54.001+0300] {logging_mixin.py:151} INFO - [2023-09-28T00:50:54.001+0300] {security.py:708} INFO - Not syncing DAG-level permissions for DAG 'DAG:example_dag_decorator' as access control is unset.
[2023-09-28T00:50:54.001+0300] {logging_mixin.py:151} INFO - [2023-09-28T00:50:54.001+0300] {dag.py:2915} INFO - Sync 1 DAGs
[2023-09-28T00:50:54.004+0300] {logging_mixin.py:151} INFO - [2023-09-28T00:50:54.004+0300] {dag.py:3696} INFO - Setting next_dagrun for example_dag_decorator to None, run_after=None
[2023-09-28T00:50:54.014+0300] {processor.py:179} INFO - Processing /home/dsbulgako1/my_repos/mlops_project/env/lib/python3.10/site-packages/airflow/example_dags/example_dag_decorator.py took 0.069 seconds
