[2023-09-28T00:50:10.775+0300] {processor.py:157} INFO - Started process (PID=10248) to work on /home/dsbulgako1/my_repos/mlops_project/env/lib/python3.10/site-packages/airflow/example_dags/example_datasets.py
[2023-09-28T00:50:10.776+0300] {processor.py:829} INFO - Processing file /home/dsbulgako1/my_repos/mlops_project/env/lib/python3.10/site-packages/airflow/example_dags/example_datasets.py for tasks to queue
[2023-09-28T00:50:10.777+0300] {logging_mixin.py:151} INFO - [2023-09-28T00:50:10.777+0300] {dagbag.py:539} INFO - Filling up the DagBag from /home/dsbulgako1/my_repos/mlops_project/env/lib/python3.10/site-packages/airflow/example_dags/example_datasets.py
[2023-09-28T00:50:10.788+0300] {processor.py:839} INFO - DAG(s) dict_keys(['dataset_consumes_1_and_2', 'dataset_produces_2', 'dataset_consumes_unknown_never_scheduled', 'dataset_consumes_1_never_scheduled', 'dataset_consumes_1', 'dataset_produces_1']) retrieved from /home/dsbulgako1/my_repos/mlops_project/env/lib/python3.10/site-packages/airflow/example_dags/example_datasets.py
[2023-09-28T00:50:10.846+0300] {logging_mixin.py:151} INFO - [2023-09-28T00:50:10.846+0300] {manager.py:499} INFO - Created Permission View: %s
[2023-09-28T00:50:10.851+0300] {logging_mixin.py:151} INFO - [2023-09-28T00:50:10.851+0300] {manager.py:499} INFO - Created Permission View: %s
[2023-09-28T00:50:10.854+0300] {logging_mixin.py:151} INFO - [2023-09-28T00:50:10.854+0300] {manager.py:499} INFO - Created Permission View: %s
[2023-09-28T00:50:10.854+0300] {logging_mixin.py:151} INFO - [2023-09-28T00:50:10.854+0300] {security.py:708} INFO - Not syncing DAG-level permissions for DAG 'DAG:dataset_consumes_1_and_2' as access control is unset.
[2023-09-28T00:50:10.862+0300] {logging_mixin.py:151} INFO - [2023-09-28T00:50:10.861+0300] {manager.py:499} INFO - Created Permission View: %s
[2023-09-28T00:50:10.865+0300] {logging_mixin.py:151} INFO - [2023-09-28T00:50:10.865+0300] {manager.py:499} INFO - Created Permission View: %s
[2023-09-28T00:50:10.869+0300] {logging_mixin.py:151} INFO - [2023-09-28T00:50:10.869+0300] {manager.py:499} INFO - Created Permission View: %s
[2023-09-28T00:50:10.869+0300] {logging_mixin.py:151} INFO - [2023-09-28T00:50:10.869+0300] {security.py:708} INFO - Not syncing DAG-level permissions for DAG 'DAG:dataset_produces_2' as access control is unset.
[2023-09-28T00:50:10.878+0300] {logging_mixin.py:151} INFO - [2023-09-28T00:50:10.878+0300] {manager.py:499} INFO - Created Permission View: %s
[2023-09-28T00:50:10.882+0300] {logging_mixin.py:151} INFO - [2023-09-28T00:50:10.882+0300] {manager.py:499} INFO - Created Permission View: %s
[2023-09-28T00:50:10.885+0300] {logging_mixin.py:151} INFO - [2023-09-28T00:50:10.885+0300] {manager.py:499} INFO - Created Permission View: %s
[2023-09-28T00:50:10.885+0300] {logging_mixin.py:151} INFO - [2023-09-28T00:50:10.885+0300] {security.py:708} INFO - Not syncing DAG-level permissions for DAG 'DAG:dataset_consumes_unknown_never_scheduled' as access control is unset.
[2023-09-28T00:50:10.895+0300] {logging_mixin.py:151} INFO - [2023-09-28T00:50:10.895+0300] {manager.py:499} INFO - Created Permission View: %s
[2023-09-28T00:50:10.899+0300] {logging_mixin.py:151} INFO - [2023-09-28T00:50:10.899+0300] {manager.py:499} INFO - Created Permission View: %s
[2023-09-28T00:50:10.902+0300] {logging_mixin.py:151} INFO - [2023-09-28T00:50:10.902+0300] {manager.py:499} INFO - Created Permission View: %s
[2023-09-28T00:50:10.902+0300] {logging_mixin.py:151} INFO - [2023-09-28T00:50:10.902+0300] {security.py:708} INFO - Not syncing DAG-level permissions for DAG 'DAG:dataset_consumes_1_never_scheduled' as access control is unset.
[2023-09-28T00:50:10.910+0300] {logging_mixin.py:151} INFO - [2023-09-28T00:50:10.910+0300] {manager.py:499} INFO - Created Permission View: %s
[2023-09-28T00:50:10.915+0300] {logging_mixin.py:151} INFO - [2023-09-28T00:50:10.914+0300] {manager.py:499} INFO - Created Permission View: %s
[2023-09-28T00:50:10.919+0300] {logging_mixin.py:151} INFO - [2023-09-28T00:50:10.919+0300] {manager.py:499} INFO - Created Permission View: %s
[2023-09-28T00:50:10.919+0300] {logging_mixin.py:151} INFO - [2023-09-28T00:50:10.919+0300] {security.py:708} INFO - Not syncing DAG-level permissions for DAG 'DAG:dataset_consumes_1' as access control is unset.
[2023-09-28T00:50:10.926+0300] {logging_mixin.py:151} INFO - [2023-09-28T00:50:10.926+0300] {manager.py:499} INFO - Created Permission View: %s
[2023-09-28T00:50:10.931+0300] {logging_mixin.py:151} INFO - [2023-09-28T00:50:10.931+0300] {manager.py:499} INFO - Created Permission View: %s
[2023-09-28T00:50:10.935+0300] {logging_mixin.py:151} INFO - [2023-09-28T00:50:10.934+0300] {manager.py:499} INFO - Created Permission View: %s
[2023-09-28T00:50:10.935+0300] {logging_mixin.py:151} INFO - [2023-09-28T00:50:10.935+0300] {security.py:708} INFO - Not syncing DAG-level permissions for DAG 'DAG:dataset_produces_1' as access control is unset.
[2023-09-28T00:50:10.935+0300] {logging_mixin.py:151} INFO - [2023-09-28T00:50:10.935+0300] {dag.py:2915} INFO - Sync 6 DAGs
[2023-09-28T00:50:10.940+0300] {logging_mixin.py:151} INFO - [2023-09-28T00:50:10.940+0300] {dag.py:2937} INFO - Creating ORM DAG for dataset_consumes_unknown_never_scheduled
[2023-09-28T00:50:10.941+0300] {logging_mixin.py:151} INFO - [2023-09-28T00:50:10.941+0300] {dag.py:2937} INFO - Creating ORM DAG for dataset_consumes_1_never_scheduled
[2023-09-28T00:50:10.941+0300] {logging_mixin.py:151} INFO - [2023-09-28T00:50:10.941+0300] {dag.py:2937} INFO - Creating ORM DAG for dataset_consumes_1
[2023-09-28T00:50:10.941+0300] {logging_mixin.py:151} INFO - [2023-09-28T00:50:10.941+0300] {dag.py:2937} INFO - Creating ORM DAG for dataset_produces_1
[2023-09-28T00:50:10.941+0300] {logging_mixin.py:151} INFO - [2023-09-28T00:50:10.941+0300] {dag.py:2937} INFO - Creating ORM DAG for dataset_produces_2
[2023-09-28T00:50:10.941+0300] {logging_mixin.py:151} INFO - [2023-09-28T00:50:10.941+0300] {dag.py:2937} INFO - Creating ORM DAG for dataset_consumes_1_and_2
[2023-09-28T00:50:10.945+0300] {logging_mixin.py:151} INFO - [2023-09-28T00:50:10.944+0300] {dag.py:3696} INFO - Setting next_dagrun for dataset_consumes_1 to None, run_after=None
[2023-09-28T00:50:10.945+0300] {logging_mixin.py:151} INFO - [2023-09-28T00:50:10.945+0300] {dag.py:3696} INFO - Setting next_dagrun for dataset_consumes_1_and_2 to None, run_after=None
[2023-09-28T00:50:10.945+0300] {logging_mixin.py:151} INFO - [2023-09-28T00:50:10.945+0300] {dag.py:3696} INFO - Setting next_dagrun for dataset_consumes_1_never_scheduled to None, run_after=None
[2023-09-28T00:50:10.945+0300] {logging_mixin.py:151} INFO - [2023-09-28T00:50:10.945+0300] {dag.py:3696} INFO - Setting next_dagrun for dataset_consumes_unknown_never_scheduled to None, run_after=None
[2023-09-28T00:50:10.946+0300] {logging_mixin.py:151} INFO - [2023-09-28T00:50:10.946+0300] {dag.py:3696} INFO - Setting next_dagrun for dataset_produces_1 to 2023-09-26T00:00:00+00:00, run_after=2023-09-27T00:00:00+00:00
[2023-09-28T00:50:10.946+0300] {logging_mixin.py:151} INFO - [2023-09-28T00:50:10.946+0300] {dag.py:3696} INFO - Setting next_dagrun for dataset_produces_2 to None, run_after=None
[2023-09-28T00:50:10.961+0300] {processor.py:179} INFO - Processing /home/dsbulgako1/my_repos/mlops_project/env/lib/python3.10/site-packages/airflow/example_dags/example_datasets.py took 0.189 seconds
[2023-09-28T00:50:57.775+0300] {processor.py:157} INFO - Started process (PID=10313) to work on /home/dsbulgako1/my_repos/mlops_project/env/lib/python3.10/site-packages/airflow/example_dags/example_datasets.py
[2023-09-28T00:50:57.776+0300] {processor.py:829} INFO - Processing file /home/dsbulgako1/my_repos/mlops_project/env/lib/python3.10/site-packages/airflow/example_dags/example_datasets.py for tasks to queue
[2023-09-28T00:50:57.777+0300] {logging_mixin.py:151} INFO - [2023-09-28T00:50:57.777+0300] {dagbag.py:539} INFO - Filling up the DagBag from /home/dsbulgako1/my_repos/mlops_project/env/lib/python3.10/site-packages/airflow/example_dags/example_datasets.py
[2023-09-28T00:50:57.787+0300] {processor.py:839} INFO - DAG(s) dict_keys(['dataset_consumes_1_never_scheduled', 'dataset_produces_1', 'dataset_produces_2', 'dataset_consumes_1_and_2', 'dataset_consumes_unknown_never_scheduled', 'dataset_consumes_1']) retrieved from /home/dsbulgako1/my_repos/mlops_project/env/lib/python3.10/site-packages/airflow/example_dags/example_datasets.py
[2023-09-28T00:50:57.807+0300] {logging_mixin.py:151} INFO - [2023-09-28T00:50:57.807+0300] {dag.py:2915} INFO - Sync 6 DAGs
[2023-09-28T00:50:57.818+0300] {logging_mixin.py:151} INFO - [2023-09-28T00:50:57.818+0300] {dag.py:3696} INFO - Setting next_dagrun for dataset_consumes_1 to None, run_after=None
[2023-09-28T00:50:57.819+0300] {logging_mixin.py:151} INFO - [2023-09-28T00:50:57.819+0300] {dag.py:3696} INFO - Setting next_dagrun for dataset_consumes_1_and_2 to None, run_after=None
[2023-09-28T00:50:57.820+0300] {logging_mixin.py:151} INFO - [2023-09-28T00:50:57.820+0300] {dag.py:3696} INFO - Setting next_dagrun for dataset_consumes_1_never_scheduled to None, run_after=None
[2023-09-28T00:50:57.820+0300] {logging_mixin.py:151} INFO - [2023-09-28T00:50:57.820+0300] {dag.py:3696} INFO - Setting next_dagrun for dataset_consumes_unknown_never_scheduled to None, run_after=None
[2023-09-28T00:50:57.821+0300] {logging_mixin.py:151} INFO - [2023-09-28T00:50:57.821+0300] {dag.py:3696} INFO - Setting next_dagrun for dataset_produces_1 to 2023-09-26T00:00:00+00:00, run_after=2023-09-27T00:00:00+00:00
[2023-09-28T00:50:57.821+0300] {logging_mixin.py:151} INFO - [2023-09-28T00:50:57.821+0300] {dag.py:3696} INFO - Setting next_dagrun for dataset_produces_2 to None, run_after=None
[2023-09-28T00:50:57.836+0300] {processor.py:179} INFO - Processing /home/dsbulgako1/my_repos/mlops_project/env/lib/python3.10/site-packages/airflow/example_dags/example_datasets.py took 0.065 seconds
