[2023-09-28T00:50:44.953+0300] {processor.py:157} INFO - Started process (PID=10300) to work on /home/dsbulgako1/my_repos/mlops_project/env/lib/python3.10/site-packages/airflow/example_dags/example_branch_datetime_operator.py
[2023-09-28T00:50:44.955+0300] {processor.py:829} INFO - Processing file /home/dsbulgako1/my_repos/mlops_project/env/lib/python3.10/site-packages/airflow/example_dags/example_branch_datetime_operator.py for tasks to queue
[2023-09-28T00:50:44.956+0300] {logging_mixin.py:151} INFO - [2023-09-28T00:50:44.955+0300] {dagbag.py:539} INFO - Filling up the DagBag from /home/dsbulgako1/my_repos/mlops_project/env/lib/python3.10/site-packages/airflow/example_dags/example_branch_datetime_operator.py
[2023-09-28T00:50:44.966+0300] {processor.py:839} INFO - DAG(s) dict_keys(['example_branch_datetime_operator', 'example_branch_datetime_operator_3', 'example_branch_datetime_operator_2']) retrieved from /home/dsbulgako1/my_repos/mlops_project/env/lib/python3.10/site-packages/airflow/example_dags/example_branch_datetime_operator.py
[2023-09-28T00:50:45.025+0300] {logging_mixin.py:151} INFO - [2023-09-28T00:50:45.024+0300] {manager.py:499} INFO - Created Permission View: %s
[2023-09-28T00:50:45.029+0300] {logging_mixin.py:151} INFO - [2023-09-28T00:50:45.029+0300] {manager.py:499} INFO - Created Permission View: %s
[2023-09-28T00:50:45.047+0300] {logging_mixin.py:151} INFO - [2023-09-28T00:50:45.047+0300] {manager.py:499} INFO - Created Permission View: %s
[2023-09-28T00:50:45.047+0300] {logging_mixin.py:151} INFO - [2023-09-28T00:50:45.047+0300] {security.py:708} INFO - Not syncing DAG-level permissions for DAG 'DAG:example_branch_datetime_operator' as access control is unset.
[2023-09-28T00:50:45.053+0300] {logging_mixin.py:151} INFO - [2023-09-28T00:50:45.053+0300] {manager.py:499} INFO - Created Permission View: %s
[2023-09-28T00:50:45.056+0300] {logging_mixin.py:151} INFO - [2023-09-28T00:50:45.056+0300] {manager.py:499} INFO - Created Permission View: %s
[2023-09-28T00:50:45.059+0300] {logging_mixin.py:151} INFO - [2023-09-28T00:50:45.059+0300] {manager.py:499} INFO - Created Permission View: %s
[2023-09-28T00:50:45.059+0300] {logging_mixin.py:151} INFO - [2023-09-28T00:50:45.059+0300] {security.py:708} INFO - Not syncing DAG-level permissions for DAG 'DAG:example_branch_datetime_operator_3' as access control is unset.
[2023-09-28T00:50:45.066+0300] {logging_mixin.py:151} INFO - [2023-09-28T00:50:45.066+0300] {manager.py:499} INFO - Created Permission View: %s
[2023-09-28T00:50:45.068+0300] {logging_mixin.py:151} INFO - [2023-09-28T00:50:45.068+0300] {manager.py:499} INFO - Created Permission View: %s
[2023-09-28T00:50:45.071+0300] {logging_mixin.py:151} INFO - [2023-09-28T00:50:45.071+0300] {manager.py:499} INFO - Created Permission View: %s
[2023-09-28T00:50:45.071+0300] {logging_mixin.py:151} INFO - [2023-09-28T00:50:45.071+0300] {security.py:708} INFO - Not syncing DAG-level permissions for DAG 'DAG:example_branch_datetime_operator_2' as access control is unset.
[2023-09-28T00:50:45.071+0300] {logging_mixin.py:151} INFO - [2023-09-28T00:50:45.071+0300] {dag.py:2915} INFO - Sync 3 DAGs
[2023-09-28T00:50:45.075+0300] {logging_mixin.py:151} INFO - [2023-09-28T00:50:45.075+0300] {dag.py:2937} INFO - Creating ORM DAG for example_branch_datetime_operator
[2023-09-28T00:50:45.075+0300] {logging_mixin.py:151} INFO - [2023-09-28T00:50:45.075+0300] {dag.py:2937} INFO - Creating ORM DAG for example_branch_datetime_operator_2
[2023-09-28T00:50:45.076+0300] {logging_mixin.py:151} INFO - [2023-09-28T00:50:45.076+0300] {dag.py:2937} INFO - Creating ORM DAG for example_branch_datetime_operator_3
[2023-09-28T00:50:45.079+0300] {logging_mixin.py:151} INFO - [2023-09-28T00:50:45.079+0300] {dag.py:3696} INFO - Setting next_dagrun for example_branch_datetime_operator to 2023-09-26T00:00:00+00:00, run_after=2023-09-27T00:00:00+00:00
[2023-09-28T00:50:45.080+0300] {logging_mixin.py:151} INFO - [2023-09-28T00:50:45.080+0300] {dag.py:3696} INFO - Setting next_dagrun for example_branch_datetime_operator_2 to 2023-09-26T00:00:00+00:00, run_after=2023-09-27T00:00:00+00:00
[2023-09-28T00:50:45.080+0300] {logging_mixin.py:151} INFO - [2023-09-28T00:50:45.080+0300] {dag.py:3696} INFO - Setting next_dagrun for example_branch_datetime_operator_3 to 2023-09-26T00:00:00+00:00, run_after=2023-09-27T00:00:00+00:00
[2023-09-28T00:50:45.088+0300] {processor.py:179} INFO - Processing /home/dsbulgako1/my_repos/mlops_project/env/lib/python3.10/site-packages/airflow/example_dags/example_branch_datetime_operator.py took 0.139 seconds
