[2023-10-22T20:31:35.020+0300] {taskinstance.py:1157} INFO - Dependencies all met for dep_context=non-requeueable deps ti=<TaskInstance: dm1trybu.init scheduled__2023-10-21T09:45:00+00:00 [queued]>
[2023-10-22T20:31:35.024+0300] {taskinstance.py:1157} INFO - Dependencies all met for dep_context=requeueable deps ti=<TaskInstance: dm1trybu.init scheduled__2023-10-21T09:45:00+00:00 [queued]>
[2023-10-22T20:31:35.024+0300] {taskinstance.py:1359} INFO - Starting attempt 6 of 8
[2023-10-22T20:31:35.030+0300] {taskinstance.py:1380} INFO - Executing <Task(PythonOperator): init> on 2023-10-21 09:45:00+00:00
[2023-10-22T20:31:35.037+0300] {standard_task_runner.py:57} INFO - Started process 209432 to run task
[2023-10-22T20:31:35.041+0300] {standard_task_runner.py:84} INFO - Running: ['airflow', 'tasks', 'run', 'dm1trybu', 'init', 'scheduled__2023-10-21T09:45:00+00:00', '--job-id', '100', '--raw', '--subdir', 'DAGS_FOLDER/final_dag_3_models.py', '--cfg-path', '/tmp/tmpxt_pc0kd']
[2023-10-22T20:31:35.044+0300] {standard_task_runner.py:85} INFO - Job 100: Subtask init
[2023-10-22T20:31:35.100+0300] {task_command.py:415} INFO - Running <TaskInstance: dm1trybu.init scheduled__2023-10-21T09:45:00+00:00 [running]> on host dsbulgako1-QEMU-Virtual-Machine
[2023-10-22T20:31:35.170+0300] {taskinstance.py:1660} INFO - Exporting env vars: AIRFLOW_CTX_DAG_EMAIL='dmitrii.bulghakov@bk.ru' AIRFLOW_CTX_DAG_OWNER='Dmitry Bulgakov' AIRFLOW_CTX_DAG_ID='dm1trybu' AIRFLOW_CTX_TASK_ID='init' AIRFLOW_CTX_EXECUTION_DATE='2023-10-21T09:45:00+00:00' AIRFLOW_CTX_TRY_NUMBER='6' AIRFLOW_CTX_DAG_RUN_ID='scheduled__2023-10-21T09:45:00+00:00'
[2023-10-22T20:31:35.172+0300] {final_dag_3_models.py:72} INFO - Initializing dag and collecting meta-data...
[2023-10-22T20:31:35.172+0300] {final_dag_3_models.py:81} INFO - Trying to set new experiment...
[2023-10-22T20:31:35.240+0300] {migration.py:213} INFO - Context impl PostgresqlImpl.
[2023-10-22T20:31:35.241+0300] {migration.py:216} INFO - Will assume transactional DDL.
[2023-10-22T20:31:35.255+0300] {final_dag_3_models.py:89} INFO - Experiment 'dm1trybu' already exists in MLFlow.
[2023-10-22T20:31:35.255+0300] {final_dag_3_models.py:93} INFO - Creating parent run in MLFlow.
[2023-10-22T20:31:35.255+0300] {taskinstance.py:1935} ERROR - Task failed with exception
Traceback (most recent call last):
  File "/home/dsbulgako1/my_repos/mlops_project/env/lib/python3.10/site-packages/airflow/operators/python.py", line 192, in execute
    return_value = self.execute_callable()
  File "/home/dsbulgako1/my_repos/mlops_project/env/lib/python3.10/site-packages/airflow/operators/python.py", line 209, in execute_callable
    return self.python_callable(*self.op_args, **self.op_kwargs)
  File "/home/dsbulgako1/my_repos/mlops_project/dags/final_dag_3_models.py", line 96, in init
    experiment_id=metrics["experiment_id"],
KeyError: 'experiment_id'
[2023-10-22T20:31:35.266+0300] {taskinstance.py:1398} INFO - Marking task as UP_FOR_RETRY. dag_id=dm1trybu, task_id=init, execution_date=20231021T094500, start_date=20231022T173135, end_date=20231022T173135
[2023-10-22T20:31:35.272+0300] {standard_task_runner.py:104} ERROR - Failed to execute job 100 for task init ('experiment_id'; 209432)
[2023-10-22T20:31:35.298+0300] {local_task_job_runner.py:228} INFO - Task exited with return code 1
[2023-10-22T20:31:35.317+0300] {taskinstance.py:2776} INFO - 0 downstream tasks scheduled from follow-on schedule check
