[2023-10-22T21:09:50.031+0300] {taskinstance.py:1157} INFO - Dependencies all met for dep_context=non-requeueable deps ti=<TaskInstance: dm1trybu.init scheduled__2023-10-21T09:45:00+00:00 [queued]>
[2023-10-22T21:09:50.036+0300] {taskinstance.py:1157} INFO - Dependencies all met for dep_context=requeueable deps ti=<TaskInstance: dm1trybu.init scheduled__2023-10-21T09:45:00+00:00 [queued]>
[2023-10-22T21:09:50.036+0300] {taskinstance.py:1359} INFO - Starting attempt 14 of 14
[2023-10-22T21:09:50.043+0300] {taskinstance.py:1380} INFO - Executing <Task(PythonOperator): init> on 2023-10-21 09:45:00+00:00
[2023-10-22T21:09:50.047+0300] {standard_task_runner.py:57} INFO - Started process 217711 to run task
[2023-10-22T21:09:50.052+0300] {standard_task_runner.py:84} INFO - Running: ['airflow', 'tasks', 'run', 'dm1trybu', 'init', 'scheduled__2023-10-21T09:45:00+00:00', '--job-id', '129', '--raw', '--subdir', 'DAGS_FOLDER/final_dag_3_models.py', '--cfg-path', '/tmp/tmpurr9eice']
[2023-10-22T21:09:50.054+0300] {standard_task_runner.py:85} INFO - Job 129: Subtask init
[2023-10-22T21:09:50.099+0300] {task_command.py:415} INFO - Running <TaskInstance: dm1trybu.init scheduled__2023-10-21T09:45:00+00:00 [running]> on host dsbulgako1-QEMU-Virtual-Machine
[2023-10-22T21:09:50.163+0300] {taskinstance.py:1660} INFO - Exporting env vars: AIRFLOW_CTX_DAG_EMAIL='dmitrii.bulghakov@bk.ru' AIRFLOW_CTX_DAG_OWNER='Dmitry Bulgakov' AIRFLOW_CTX_DAG_ID='dm1trybu' AIRFLOW_CTX_TASK_ID='init' AIRFLOW_CTX_EXECUTION_DATE='2023-10-21T09:45:00+00:00' AIRFLOW_CTX_TRY_NUMBER='14' AIRFLOW_CTX_DAG_RUN_ID='scheduled__2023-10-21T09:45:00+00:00'
[2023-10-22T21:09:50.164+0300] {final_dag_3_models.py:72} INFO - Initializing dag and collecting meta-data...
[2023-10-22T21:09:50.164+0300] {final_dag_3_models.py:82} INFO - Trying to set new experiment...
[2023-10-22T21:09:50.219+0300] {migration.py:213} INFO - Context impl PostgresqlImpl.
[2023-10-22T21:09:50.219+0300] {migration.py:216} INFO - Will assume transactional DDL.
[2023-10-22T21:09:50.233+0300] {final_dag_3_models.py:92} INFO - Experiment 'dm1trybu' already exists in MLFlow.
[2023-10-22T21:09:50.235+0300] {taskinstance.py:1935} ERROR - Task failed with exception
Traceback (most recent call last):
  File "/home/dsbulgako1/my_repos/mlops_project/env/lib/python3.10/site-packages/airflow/operators/python.py", line 192, in execute
    return_value = self.execute_callable()
  File "/home/dsbulgako1/my_repos/mlops_project/env/lib/python3.10/site-packages/airflow/operators/python.py", line 209, in execute_callable
    return self.python_callable(*self.op_args, **self.op_kwargs)
  File "/home/dsbulgako1/my_repos/mlops_project/dags/final_dag_3_models.py", line 95, in init
    mlflow.set_experiment(metrics["experiment_name"])
  File "/home/dsbulgako1/my_repos/mlops_project/env/lib/python3.10/site-packages/mlflow/tracking/fluent.py", line 148, in set_experiment
    raise MlflowException(
mlflow.exceptions.MlflowException: Cannot set a deleted experiment 'dm1trybu' as the active experiment. You can restore the experiment, or permanently delete the experiment to create a new one.
[2023-10-22T21:09:50.245+0300] {taskinstance.py:1398} INFO - Marking task as FAILED. dag_id=dm1trybu, task_id=init, execution_date=20231021T094500, start_date=20231022T180950, end_date=20231022T180950
[2023-10-22T21:09:50.253+0300] {logging_mixin.py:151} WARNING - /home/dsbulgako1/my_repos/mlops_project/env/lib/python3.10/site-packages/airflow/utils/email.py:154 RemovedInAirflow3Warning: Fetching SMTP credentials from configuration variables will be deprecated in a future release. Please set credentials using a connection instead.
[2023-10-22T21:09:50.253+0300] {email.py:270} INFO - Email alerting: attempt 1
[2023-10-22T21:09:51.050+0300] {email.py:282} INFO - Sent an alert email to ['dmitrii.bulghakov@bk.ru']
[2023-10-22T21:09:52.212+0300] {standard_task_runner.py:104} ERROR - Failed to execute job 129 for task init (Cannot set a deleted experiment 'dm1trybu' as the active experiment. You can restore the experiment, or permanently delete the experiment to create a new one.; 217711)
[2023-10-22T21:09:52.247+0300] {local_task_job_runner.py:228} INFO - Task exited with return code 1
[2023-10-22T21:09:52.266+0300] {taskinstance.py:2776} INFO - 0 downstream tasks scheduled from follow-on schedule check
