[2023-10-02T02:39:44.899+0300] {taskinstance.py:1157} INFO - Dependencies all met for dep_context=non-requeueable deps ti=<TaskInstance: train_rf.task_prepare_data scheduled__2023-09-30T01:00:00+00:00 [queued]>
[2023-10-02T02:39:44.906+0300] {taskinstance.py:1157} INFO - Dependencies all met for dep_context=requeueable deps ti=<TaskInstance: train_rf.task_prepare_data scheduled__2023-09-30T01:00:00+00:00 [queued]>
[2023-10-02T02:39:44.906+0300] {taskinstance.py:1359} INFO - Starting attempt 1 of 1
[2023-10-02T02:39:45.036+0300] {taskinstance.py:1380} INFO - Executing <Task(PythonOperator): task_prepare_data> on 2023-09-30 01:00:00+00:00
[2023-10-02T02:39:45.057+0300] {standard_task_runner.py:57} INFO - Started process 5298 to run task
[2023-10-02T02:39:45.075+0300] {standard_task_runner.py:84} INFO - Running: ['airflow', 'tasks', 'run', 'train_rf', 'task_prepare_data', 'scheduled__2023-09-30T01:00:00+00:00', '--job-id', '61', '--raw', '--subdir', 'DAGS_FOLDER/test_dag_several_models.py', '--cfg-path', '/tmp/tmpwte5ed05']
[2023-10-02T02:39:45.078+0300] {standard_task_runner.py:85} INFO - Job 61: Subtask task_prepare_data
[2023-10-02T02:39:45.198+0300] {task_command.py:415} INFO - Running <TaskInstance: train_rf.task_prepare_data scheduled__2023-09-30T01:00:00+00:00 [running]> on host dsbulgako1-QEMU-Virtual-Machine
[2023-10-02T02:39:45.305+0300] {taskinstance.py:1660} INFO - Exporting env vars: AIRFLOW_CTX_DAG_EMAIL='dmitrii.bulghakov@gmail.com' AIRFLOW_CTX_DAG_OWNER='Dmitry Bulgakov' AIRFLOW_CTX_DAG_ID='train_rf' AIRFLOW_CTX_TASK_ID='task_prepare_data' AIRFLOW_CTX_EXECUTION_DATE='2023-09-30T01:00:00+00:00' AIRFLOW_CTX_TRY_NUMBER='1' AIRFLOW_CTX_DAG_RUN_ID='scheduled__2023-09-30T01:00:00+00:00'
[2023-10-02T02:39:45.326+0300] {s3.py:1359} INFO - This function shadows the 'download_file' method of S3 API, but it is not the same. If you want to use the original method from S3 API, please call 'S3Hook.get_conn().download_file()'
[2023-10-02T02:39:45.326+0300] {s3.py:1365} INFO - Downloading source S3 file from Bucket mlops-project with path mlops_project/test_project/california_housing.pkl
[2023-10-02T02:39:45.343+0300] {base.py:73} INFO - Using connection ID 's3_connector' for task execution.
[2023-10-02T02:39:45.343+0300] {connection_wrapper.py:340} INFO - AWS Connection (conn_id='s3_connector', conn_type='aws') credentials retrieved from login and password.
[2023-10-02T02:39:45.423+0300] {configprovider.py:949} INFO - Found endpoint for s3 via: config_global.
[2023-10-02T02:39:47.715+0300] {configprovider.py:949} INFO - Found endpoint for s3 via: config_global.
[2023-10-02T02:39:48.645+0300] {test_dag_several_models.py:105} INFO - Data preparation finished!
[2023-10-02T02:39:48.646+0300] {python.py:194} INFO - Done. Returned value was: {'model': 'rf', 'start_timestamp': '20231002 02:39', 'data_uploaded_timestamp': '20231002 02:39', 'data_prepared_timestamp': '20231002 02:39'}
[2023-10-02T02:39:48.669+0300] {taskinstance.py:1398} INFO - Marking task as SUCCESS. dag_id=train_rf, task_id=task_prepare_data, execution_date=20230930T010000, start_date=20231001T233944, end_date=20231001T233948
[2023-10-02T02:39:48.692+0300] {local_task_job_runner.py:228} INFO - Task exited with return code 0
[2023-10-02T02:39:48.711+0300] {taskinstance.py:2776} INFO - 1 downstream tasks scheduled from follow-on schedule check
